ip1664.com - - [16/Nov/2005:00:00:43 -0500] "GET /robots.txt HTTP/1.0" 200 173 "-" "msnbot/1.0 (+http://search.msn.com/msnbot.htm)"
ip1664.com - - [16/Nov/2005:00:00:43 -0500] "GET /gpspubs/sigkdd-kdd99-panel.html HTTP/1.0" 200 14199 "-" "msnbot/1.0 (+http://search.msn.com/msnbot.htm)"
ip1115.unr - - [16/Nov/2005:00:01:00 -0500] "GET /news/99/n23/i12.html HTTP/1.1" 200 3171 "http://discount-zzz.professional-doctor.com/" "Mozilla/4.0 (compatible; MSIE 5.5; Windows 98; SAFEXPLORER TL)"
ip2283.unr - - [16/Nov/2005:00:01:02 -0500] "GET /dmcourse/data_mining_course/assignments/assignment-3.html HTTP/1.1" 200 8090 "http://www.google.com/search?hl=en&q=use+of+data+cleaning+in+data+mining&spell=1" "Mozilla/4.0 (compatible; MSIE 6.0; Windows NT 5.1; SV1)"
ip2283.unr - - [16/Nov/2005:00:01:03 -0500] "GET /dmcourse/dm.css HTTP/1.1" 200 155 "http://www.kdnuggets.com/dmcourse/data_mining_course/assignments/assignment-3.html" "Mozilla/4.0 (compatible; MSIE 6.0; Windows NT 5.1; SV1)"
ip1389.net - - [16/Nov/2005:00:02:46 -0500] "GET /gpspubs/kdd99-est-ben-lift/sld021.htm HTTP/1.1" 200 1385 "http://www.google.com/search?hs=JnE&hl=en&lr=&client=opera&rls=en&q=lift+curve&btnG=Search" "Mozilla/4.0 (compatible; MSIE 6.0; X11; Linux i686; en) Opera 8.5"
ip1389.net - - [16/Nov/2005:00:02:46 -0500] "GET /gpspubs/kdd99-est-ben-lift/img021.gif HTTP/1.1" 200 7465 "http://www.kdnuggets.com/gpspubs/kdd99-est-ben-lift/sld021.htm" "Mozilla/4.0 (compatible; MSIE 6.0; X11; Linux i686; en) Opera 8.5"
ip1389.net - - [16/Nov/2005:00:02:47 -0500] "GET /favicon.ico HTTP/1.1" 200 899 "http://www.kdnuggets.com/gpspubs/kdd99-est-ben-lift/sld021.htm" "Mozilla/4.0 (compatible; MSIE 6.0; X11; Linux i686; en) Opera 8.5"
ip1946.com - - [16/Nov/2005:00:02:49 -0500] "GET /news/2001/n10/15i.html HTTP/1.0" 200 4214 "-" "Mozilla/5.0 (compatible; Yahoo! Slurp; http://help.yahoo.com/help/us/ysearch/slurp)"
ip992.unr - - [16/Nov/2005:00:02:52 -0500] "GET /aps/bt4-a.sol_crm.re.html HTTP/1.0" 304 - "-" "Mozilla/4.0 (compatible; MSIE 6.0; Windows NT; MS Search 4.0 Robot)"
ip2213.net - - [16/Nov/2005:00:04:12 -0500] "GET / HTTP/1.1" 200 12453 "-" "Mozilla/4.0 (compatible; MSIE 6.0; Windows NT 5.1; SV1)"
ip2213.net - - [16/Nov/2005:00:04:16 -0500] "GET /kdr.css HTTP/1.1" 304 - "http://www.kdnuggets.com/" "Mozilla/4.0 (compatible; MSIE 6.0; Windows NT 5.1; SV1)"
ip2213.net - - [16/Nov/2005:00:04:16 -0500] "GET /images/KDnuggets_logo.gif HTTP/1.1" 304 - "http://www.kdnuggets.com/" "Mozilla/4.0 (compatible; MSIE 6.0; Windows NT 5.1; SV1)"
ip2213.net - - [16/Nov/2005:00:04:16 -0500] "GET /images/kdnuggets.co.jp.gif HTTP/1.1" 304 - "http://www.kdnuggets.com/" "Mozilla/4.0 (compatible; MSIE 6.0; Windows NT 5.1; SV1)"
ip2213.net - - [16/Nov/2005:00:04:16 -0500] "GET /aps/aw1.js HTTP/1.1" 304 - "http://www.kdnuggets.com/" "Mozilla/4.0 (compatible; MSIE 6.0; Windows NT 5.1; SV1)"
ip2213.net - - [16/Nov/2005:00:04:16 -0500] "GET /images/newy.gif HTTP/1.1" 304 - "http://www.kdnuggets.com/" "Mozilla/4.0 (compatible; MSIE 6.0; Windows NT 5.1; SV1)"
ip2213.net - - [16/Nov/2005:00:04:16 -0500] "GET /aps/bt4-a.ind.gif HTTP/1.1" 304 - "http://www.kdnuggets.com/" "Mozilla/4.0 (compatible; MSIE 6.0; Windows NT 5.1; SV1)"
ip2213.net - - [16/Nov/2005:00:04:16 -0500] "GET /aps/f-spss-h2.ind.gif HTTP/1.1" 304 - "http://www.kdnuggets.com/" "Mozilla/4.0 (compatible; MSIE 6.0; Windows NT 5.1; SV1)"
ip2213.net - - [16/Nov/2005:00:04:16 -0500] "GET /aps/t-salf-sd12.c12.gif HTTP/1.1" 200 28266 "http://www.kdnuggets.com/" "Mozilla/4.0 (compatible; MSIE 6.0; Windows NT 5.1; SV1)"
ip2213.net - - [16/Nov/2005:00:04:16 -0500] "GET /aps/f-ang-dm21.ind.gif HTTP/1.1" 304 - "http://www.kdnuggets.com/" "Mozilla/4.0 (compatible; MSIE 6.0; Windows NT 5.1; SV1)"
ip2213.net - - [16/Nov/2005:00:04:17 -0500] "GET /aps/rw1.js HTTP/1.1" 304 - "http://www.kdnuggets.com/" "Mozilla/4.0 (compatible; MSIE 6.0; Windows NT 5.1; SV1)"
ip2213.net - - [16/Nov/2005:00:04:17 -0500] "GET /aps/x-salf-tdm.c15.gif HTTP/1.1" 200 92 "http://www.kdnuggets.com/" "Mozilla/4.0 (compatible; MSIE 6.0; Windows NT 5.1; SV1)"
ip2213.net - - [16/Nov/2005:00:04:17 -0500] "GET /aps/r-pur-1.c2.gif HTTP/1.1" 304 - "http://www.kdnuggets.com/" "Mozilla/4.0 (compatible; MSIE 6.0; Windows NT 5.1; SV1)"
ip2213.net - - [16/Nov/2005:00:04:17 -0500] "GET /swh.gif?width=1280&height=768 HTTP/1.1" 304 - "http://www.kdnuggets.com/" "Mozilla/4.0 (compatible; MSIE 6.0; Windows NT 5.1; SV1)"
ip1253.com - - [16/Nov/2005:00:04:25 -0500] "GET /news/2004/n24/18i.html HTTP/1.0" 200 2757 "-" "psbot/0.1 (+http://www.picsearch.com/bot.html)"
ip2213.net - - [16/Nov/2005:00:04:47 -0500] "GET /aps/r-pur-1.c2.re.html HTTP/1.1" 200 265 "http://www.kdnuggets.com/" "Mozilla/4.0 (compatible; MSIE 6.0; Windows NT 5.1; SV1)"
ip1886.com - - [16/Nov/2005:00:05:24 -0500] "GET /news/2001/n21/28i.html HTTP/1.0" 200 4542 "-" "Mozilla/5.0 (compatible; Yahoo! Slurp; http://help.yahoo.com/help/us/ysearch/slurp)"
ip1660.unr - - [16/Nov/2005:00:05:47 -0500] "HEAD / HTTP/1.1" 200 0 "-" "InternetSeer.com"
ip782.unr - - [16/Nov/2005:00:06:00 -0500] "GET / HTTP/1.1" 200 12453 "http://www.yisou.com/search?p=data+mining&source=toolbar_yassist_button&pid=400740_1006" "Mozilla/4.0 (compatible; MSIE 6.0; Windows NT 5.1; SV1; MyIE2)"
ip782.unr - - [16/Nov/2005:00:06:00 -0500] "GET /kdr.css HTTP/1.1" 200 145 "http://www.kdnuggets.com/" "Mozilla/4.0 (compatible; MSIE 6.0; Windows NT 5.1; SV1; MyIE2)"
ip782.unr - - [16/Nov/2005:00:06:00 -0500] "GET /images/KDnuggets_logo.gif HTTP/1.1" 200 784 "http://www.kdnuggets.com/" "Mozilla/4.0 (compatible; MSIE 6.0; Windows NT 5.1; SV1; MyIE2)"
ip782.unr - - [16/Nov/2005:00:06:00 -0500] "GET /images/kdnuggets.co.jp.gif HTTP/1.1" 200 548 "http://www.kdnuggets.com/" "Mozilla/4.0 (compatible; MSIE 6.0; Windows NT 5.1; SV1; MyIE2)"
ip782.unr - - [16/Nov/2005:00:06:01 -0500] "GET /aps/aw1.js HTTP/1.1" 200 3333 "http://www.kdnuggets.com/" "Mozilla/4.0 (compatible; MSIE 6.0; Windows NT 5.1; SV1; MyIE2)"
ip782.unr - - [16/Nov/2005:00:06:02 -0500] "GET /aps/t-mega-t1.c16.gif HTTP/1.1" 200 92 "http://www.kdnuggets.com/" "Mozilla/4.0 (compatible; MSIE 6.0; Windows NT 5.1; SV1; MyIE2)"
ip782.unr - - [16/Nov/2005:00:06:02 -0500] "GET /images/newy.gif HTTP/1.1" 200 111 "http://www.kdnuggets.com/" "Mozilla/4.0 (compatible; MSIE 6.0; Windows NT 5.1; SV1; MyIE2)"
ip782.unr - - [16/Nov/2005:00:06:02 -0500] "GET /aps/f-spss-h2.ind.gif HTTP/1.1" 200 4407 "http://www.kdnuggets.com/" "Mozilla/4.0 (compatible; MSIE 6.0; Windows NT 5.1; SV1; MyIE2)"
ip782.unr - - [16/Nov/2005:00:06:02 -0500] "GET /aps/bt4-a.ind.gif HTTP/1.1" 200 92 "http://www.kdnuggets.com/" "Mozilla/4.0 (compatible; MSIE 6.0; Windows NT 5.1; SV1; MyIE2)"
ip782.unr - - [16/Nov/2005:00:06:02 -0500] "GET /aps/f-ang-dm21.ind.gif HTTP/1.1" 200 3132 "http://www.kdnuggets.com/" "Mozilla/4.0 (compatible; MSIE 6.0; Windows NT 5.1; SV1; MyIE2)"
ip782.unr - - [16/Nov/2005:00:06:02 -0500] "GET /aps/rw1.js HTTP/1.1" 200 5097 "http://www.kdnuggets.com/" "Mozilla/4.0 (compatible; MSIE 6.0; Windows NT 5.1; SV1; MyIE2)"
ip782.unr - - [16/Nov/2005:00:06:03 -0500] "GET /aps/x-tma-dmsmp.c2.gif HTTP/1.1" 200 92 "http://www.kdnuggets.com/" "Mozilla/4.0 (compatible; MSIE 6.0; Windows NT 5.1; SV1; MyIE2)"
ip782.unr - - [16/Nov/2005:00:06:03 -0500] "GET /swh.gif?width=1280&height=1024 HTTP/1.1" 200 42 "http://www.kdnuggets.com/" "Mozilla/4.0 (compatible; MSIE 6.0; Windows NT 5.1; SV1; MyIE2)"
ip1455.unr - - [16/Nov/2005:00:06:05 -0500] "GET /favicon.ico HTTP/1.1" 200 899 "-" "Mozilla/4.0 (compatible; MSIE 6.0; Windows NT 5.1)"
ip1250.com - - [16/Nov/2005:00:06:08 -0500] "GET /news/2004/n24/20i.html HTTP/1.0" 200 3065 "-" "psbot/0.1 (+http://www.picsearch.com/bot.html)"
ip782.unr - - [16/Nov/2005:00:06:09 -0500] "GET /aps/r-thi-febg.c12.gif HTTP/1.1" 200 20335 "http://www.kdnuggets.com/" "Mozilla/4.0 (compatible; MSIE 6.0; Windows NT 5.1; SV1; MyIE2)"
ip1919.com - - [16/Nov/2005:00:06:22 -0500] "GET /news/2004/n07/15i.html HTTP/1.0" 200 5452 "-" "Mozilla/5.0 (compatible; Yahoo! Slurp; http://help.yahoo.com/help/us/ysearch/slurp)"
ip1252.com - - [16/Nov/2005:00:06:38 -0500] "GET /news/2004/n24/21i.html HTTP/1.0" 200 4622 "-" "psbot/0.1 (+http://www.picsearch.com/bot.html)"
ip782.unr - - [16/Nov/2005:00:06:41 -0500] "GET /dmcourse/index.html HTTP/1.1" 200 3865 "http://www.kdnuggets.com/" "Mozilla/4.0 (compatible; MSIE 6.0; Windows NT 5.1; SV1; MyIE2)"
ip782.unr - - [16/Nov/2005:00:06:42 -0500] "GET /aps/aw2.js HTTP/1.1" 200 3363 "http://www.kdnuggets.com/dmcourse/index.html" "Mozilla/4.0 (compatible; MSIE 6.0; Windows NT 5.1; SV1; MyIE2)"
ip782.unr - - [16/Nov/2005:00:06:43 -0500] "GET /dmcourse/gregory-piatetsky.jpg HTTP/1.1" 200 5222 "http://www.kdnuggets.com/dmcourse/index.html" "Mozilla/4.0 (compatible; MSIE 6.0; Windows NT 5.1; SV1; MyIE2)"
ip782.unr - - [16/Nov/2005:00:06:44 -0500] "GET /dmcourse/gary-parker.jpg HTTP/1.1" 200 4821 "http://www.kdnuggets.com/dmcourse/index.html" "Mozilla/4.0 (compatible; MSIE 6.0; Windows NT 5.1; SV1; MyIE2)"
ip782.unr - - [16/Nov/2005:00:06:44 -0500] "GET /aps/rw2.js HTTP/1.1" 200 5100 "http://www.kdnuggets.com/dmcourse/index.html" "Mozilla/4.0 (compatible; MSIE 6.0; Windows NT 5.1; SV1; MyIE2)"
ip782.unr - - [16/Nov/2005:00:06:45 -0500] "GET /aps/t-salf-sd12.c9.gif HTTP/1.1" 200 28266 "http://www.kdnuggets.com/dmcourse/index.html" "Mozilla/4.0 (compatible; MSIE 6.0; Windows NT 5.1; SV1; MyIE2)"
ip782.unr - - [16/Nov/2005:00:06:45 -0500] "GET /aps/x-salf-tdm.c11.gif HTTP/1.1" 200 92 "http://www.kdnuggets.com/dmcourse/index.html" "Mozilla/4.0 (compatible; MSIE 6.0; Windows NT 5.1; SV1; MyIE2)"
ip782.unr - - [16/Nov/2005:00:06:46 -0500] "GET /aps/r-ins-ad2.c16.gif HTTP/1.1" 200 15801 "http://www.kdnuggets.com/dmcourse/index.html" "Mozilla/4.0 (compatible; MSIE 6.0; Windows NT 5.1; SV1; MyIE2)"
ip240.tw - - [16/Nov/2005:00:06:54 -0500] "GET / HTTP/1.1" 200 12453 "-" "Mozilla/4.0 (compatible; MSIE 5.5; Windows XP)"
ip240.tw - - [16/Nov/2005:00:06:58 -0500] "GET /software HTTP/1.1" 301 324 "-" "Mozilla/4.0 (compatible; MSIE 5.5; Windows XP)"
ip240.tw - - [16/Nov/2005:00:06:59 -0500] "GET /software/ HTTP/1.1" 200 6603 "-" "Mozilla/4.0 (compatible; MSIE 5.5; Windows XP)"
ip772.unr - - [16/Nov/2005:00:07:11 -0500] "GET /software/ HTTP/1.1" 200 6603 "http://www.dc.uba.ar/people/materias/mdmkd/links.html" "Mozilla/4.0 (compatible; MSIE 6.0; Windows NT 5.1; SV1)"
ip772.unr - - [16/Nov/2005:00:07:12 -0500] "GET /kdr.css HTTP/1.1" 200 145 "http://www.kdnuggets.com/software/" "Mozilla/4.0 (compatible; MSIE 6.0; Windows NT 5.1; SV1)"
ip772.unr - - [16/Nov/2005:00:07:12 -0500] "GET /aps/aw2.js HTTP/1.1" 200 3363 "http://www.kdnuggets.com/software/" "Mozilla/4.0 (compatible; MSIE 6.0; Windows NT 5.1; SV1)"
ip772.unr - - [16/Nov/2005:00:07:12 -0500] "GET /images/editor.jpg HTTP/1.1" 200 6283 "http://www.kdnuggets.com/software/" "Mozilla/4.0 (compatible; MSIE 6.0; Windows NT 5.1; SV1)"
ip772.unr - - [16/Nov/2005:00:07:12 -0500] "GET /aps/bt4-a.sof.gif HTTP/1.1" 200 92 "http://www.kdnuggets.com/software/" "Mozilla/4.0 (compatible; MSIE 6.0; Windows NT 5.1; SV1)"
ip772.unr - - [16/Nov/2005:00:07:13 -0500] "GET /aps/t-fic-mb722.c8.gif HTTP/1.1" 200 27492 "http://www.kdnuggets.com/software/" "Mozilla/4.0 (compatible; MSIE 6.0; Windows NT 5.1; SV1)"
ip772.unr - - [16/Nov/2005:00:07:13 -0500] "GET /aps/f-salf-rf.sof.gif HTTP/1.1" 200 7209 "http://www.kdnuggets.com/software/" "Mozilla/4.0 (compatible; MSIE 6.0; Windows NT 5.1; SV1)"
ip772.unr - - [16/Nov/2005:00:07:13 -0500] "GET /aps/f-sas-1019em.sof.gif HTTP/1.1" 200 7065 "http://www.kdnuggets.com/software/" "Mozilla/4.0 (compatible; MSIE 6.0; Windows NT 5.1; SV1)"
ip772.unr - - [16/Nov/2005:00:07:13 -0500] "GET /images/update.gif HTTP/1.1" 200 497 "http://www.kdnuggets.com/software/" "Mozilla/4.0 (compatible; MSIE 6.0; Windows NT 5.1; SV1)"
ip772.unr - - [16/Nov/2005:00:07:13 -0500] "GET /aps/rw2.js HTTP/1.1" 200 5100 "http://www.kdnuggets.com/software/" "Mozilla/4.0 (compatible; MSIE 6.0; Windows NT 5.1; SV1)"
ip772.unr - - [16/Nov/2005:00:07:14 -0500] "GET /aps/x-salf-tdm.c15.gif HTTP/1.1" 200 92 "http://www.kdnuggets.com/software/" "Mozilla/4.0 (compatible; MSIE 6.0; Windows NT 5.1; SV1)"
ip772.unr - - [16/Nov/2005:00:07:14 -0500] "GET /aps/r-ins-ad2.c14.gif HTTP/1.1" 200 15801 "http://www.kdnuggets.com/software/" "Mozilla/4.0 (compatible; MSIE 6.0; Windows NT 5.1; SV1)"
ip772.unr - - [16/Nov/2005:00:07:29 -0500] "GET /aps/f-salf-rf.sof_t.re.html HTTP/1.1" 200 277 "http://www.kdnuggets.com/software/" "Mozilla/4.0 (compatible; MSIE 6.0; Windows NT 5.1; SV1)"
ip1870.com - - [16/Nov/2005:00:07:30 -0500] "GET /jobs/2002-09-23_siemensmedical_4_software.html HTTP/1.0" 404 687 "-" "Mozilla/5.0 (compatible; Yahoo! Slurp; http://help.yahoo.com/help/us/ysearch/slurp)"
ip2215.net - - [16/Nov/2005:00:07:45 -0500] "GET /jobs/index.html HTTP/1.1" 304 - "-" "Mozilla/5.0 (Windows; U; Windows NT 5.1; en-US; rv:1.7.6) Gecko/20050317 Firefox/1.0.2"
ip2215.net - - [16/Nov/2005:00:07:45 -0500] "GET /aps/f-sha-150.job.jpg HTTP/1.1" 304 - "http://www.kdnuggets.com/jobs/index.html" "Mozilla/5.0 (Windows; U; Windows NT 5.1; en-US; rv:1.7.6) Gecko/20050317 Firefox/1.0.2"
ip2215.net - - [16/Nov/2005:00:07:45 -0500] "GET /aps/rw2.js HTTP/1.1" 304 - "http://www.kdnuggets.com/jobs/index.html" "Mozilla/5.0 (Windows; U; Windows NT 5.1; en-US; rv:1.7.6) Gecko/20050317 Firefox/1.0.2"
ip2215.net - - [16/Nov/2005:00:07:46 -0500] "GET /aps/r-pur-1.c3.gif HTTP/1.1" 200 7525 "http://www.kdnuggets.com/jobs/index.html" "Mozilla/5.0 (Windows; U; Windows NT 5.1; en-US; rv:1.7.6) Gecko/20050317 Firefox/1.0.2"
ip2215.net - - [16/Nov/2005:00:07:46 -0500] "GET /aps/x-salf-tdm.c11.gif HTTP/1.1" 200 92 "http://www.kdnuggets.com/jobs/index.html" "Mozilla/5.0 (Windows; U; Windows NT 5.1; en-US; rv:1.7.6) Gecko/20050317 Firefox/1.0.2"
ip2215.net - - [16/Nov/2005:00:07:49 -0500] "GET /jobs/index.html HTTP/1.1" 304 - "-" "Mozilla/5.0 (Windows; U; Windows NT 5.1; en-US; rv:1.7.6) Gecko/20050317 Firefox/1.0.2"
ip2215.net - - [16/Nov/2005:00:07:49 -0500] "GET /kdr.css HTTP/1.1" 304 - "http://www.kdnuggets.com/jobs/index.html" "Mozilla/5.0 (Windows; U; Windows NT 5.1; en-US; rv:1.7.6) Gecko/20050317 Firefox/1.0.2"
ip2215.net - - [16/Nov/2005:00:07:49 -0500] "GET /aps/aw2.js HTTP/1.1" 304 - "http://www.kdnuggets.com/jobs/index.html" "Mozilla/5.0 (Windows; U; Windows NT 5.1; en-US; rv:1.7.6) Gecko/20050317 Firefox/1.0.2"
ip2215.net - - [16/Nov/2005:00:07:50 -0500] "GET /images/editor.jpg HTTP/1.1" 304 - "http://www.kdnuggets.com/jobs/index.html" "Mozilla/5.0 (Windows; U; Windows NT 5.1; en-US; rv:1.7.6) Gecko/20050317 Firefox/1.0.2"
ip2215.net - - [16/Nov/2005:00:07:50 -0500] "GET /aps/f-ama-job.job.gif HTTP/1.1" 304 - "http://www.kdnuggets.com/jobs/index.html" "Mozilla/5.0 (Windows; U; Windows NT 5.1; en-US; rv:1.7.6) Gecko/20050317 Firefox/1.0.2"
ip2239.net - - [16/Nov/2005:00:07:50 -0500] "GET /publications/surveys.html HTTP/1.1" 200 3116 "http://search.yahoo.com/search?ei=utf-8&fr=slv1-wave&p=html+surveys" "Mozilla/4.0 (compatible; MSIE 6.0; Windows NT 5.1; SV1)"
ip2215.net - - [16/Nov/2005:00:07:50 -0500] "GET /aps/f-msf-rk.job.gif HTTP/1.1" 304 - "http://www.kdnuggets.com/jobs/index.html" "Mozilla/5.0 (Windows; U; Windows NT 5.1; en-US; rv:1.7.6) Gecko/20050317 Firefox/1.0.2"
ip2215.net - - [16/Nov/2005:00:07:50 -0500] "GET /aps/t-spss-c90.c4.gif HTTP/1.1" 200 16111 "http://www.kdnuggets.com/jobs/index.html" "Mozilla/5.0 (Windows; U; Windows NT 5.1; en-US; rv:1.7.6) Gecko/20050317 Firefox/1.0.2"
ip2239.net - - [16/Nov/2005:00:07:50 -0500] "GET /aps/aw2.js HTTP/1.1" 200 3363 "http://www.kdnuggets.com/publications/surveys.html" "Mozilla/4.0 (compatible; MSIE 6.0; Windows NT 5.1; SV1)"
ip2239.net - - [16/Nov/2005:00:07:50 -0500] "GET /kdr.css HTTP/1.1" 200 145 "http://www.kdnuggets.com/publications/surveys.html" "Mozilla/4.0 (compatible; MSIE 6.0; Windows NT 5.1; SV1)"
ip2215.net - - [16/Nov/2005:00:07:50 -0500] "GET /aps/f-sha-150.job.jpg HTTP/1.1" 304 - "http://www.kdnuggets.com/jobs/index.html" "Mozilla/5.0 (Windows; U; Windows NT 5.1; en-US; rv:1.7.6) Gecko/20050317 Firefox/1.0.2"
ip2215.net - - [16/Nov/2005:00:07:50 -0500] "GET /aps/f-arlz-t2.job.gif HTTP/1.1" 304 - "http://www.kdnuggets.com/jobs/index.html" "Mozilla/5.0 (Windows; U; Windows NT 5.1; en-US; rv:1.7.6) Gecko/20050317 Firefox/1.0.2"
ip2239.net - - [16/Nov/2005:00:07:50 -0500] "GET /aps/t-mega-t1.c15.gif HTTP/1.1" 200 92 "http://www.kdnuggets.com/publications/surveys.html" "Mozilla/4.0 (compatible; MSIE 6.0; Windows NT 5.1; SV1)"
ip2239.net - - [16/Nov/2005:00:07:50 -0500] "GET /aps/rw2.js HTTP/1.1" 200 5100 "http://www.kdnuggets.com/publications/surveys.html" "Mozilla/4.0 (compatible; MSIE 6.0; Windows NT 5.1; SV1)"
ip2215.net - - [16/Nov/2005:00:07:50 -0500] "GET /aps/bt4-a.job.gif HTTP/1.1" 304 - "http://www.kdnuggets.com/jobs/index.html" "Mozilla/5.0 (Windows; U; Windows NT 5.1; en-US; rv:1.7.6) Gecko/20050317 Firefox/1.0.2"
ip2215.net - - [16/Nov/2005:00:07:50 -0500] "GET /aps/rw2.js HTTP/1.1" 304 - "http://www.kdnuggets.com/jobs/index.html" "Mozilla/5.0 (Windows; U; Windows NT 5.1; en-US; rv:1.7.6) Gecko/20050317 Firefox/1.0.2"
ip2239.net - - [16/Nov/2005:00:07:50 -0500] "GET /aps/x-tma-dmsmp.c2.gif HTTP/1.1" 200 92 "http://www.kdnuggets.com/publications/surveys.html" "Mozilla/4.0 (compatible; MSIE 6.0; Windows NT 5.1; SV1)"
ip2239.net - - [16/Nov/2005:00:07:50 -0500] "GET /aps/r-ins-ad2.c16.gif HTTP/1.1" 200 15801 "http://www.kdnuggets.com/publications/surveys.html" "Mozilla/4.0 (compatible; MSIE 6.0; Windows NT 5.1; SV1)"
ip2215.net - - [16/Nov/2005:00:07:50 -0500] "GET /aps/x-salf-tdm.c14.gif HTTP/1.1" 200 92 "http://www.kdnuggets.com/jobs/index.html" "Mozilla/5.0 (Windows; U; Windows NT 5.1; en-US; rv:1.7.6) Gecko/20050317 Firefox/1.0.2"
ip2215.net - - [16/Nov/2005:00:07:50 -0500] "GET /aps/r-ins-ad2.c15.gif HTTP/1.1" 200 15801 "http://www.kdnuggets.com/jobs/index.html" "Mozilla/5.0 (Windows; U; Windows NT 5.1; en-US; rv:1.7.6) Gecko/20050317 Firefox/1.0.2"
ip1030.com - - [16/Nov/2005:00:07:51 -0500] "GET /dmcourse/index.html HTTP/1.1" 200 3865 "-" "Mozilla/4.0 (compatible;)"
ip1253.com - - [16/Nov/2005:00:08:08 -0500] "GET /news/2004/n24/23i.html HTTP/1.0" 200 2981 "-" "psbot/0.1 (+http://www.picsearch.com/bot.html)"
ip782.unr - - [16/Nov/2005:00:08:17 -0500] "GET /aps/x-salf-tdm.c11_t.re.html HTTP/1.1" 200 261 "http://www.kdnuggets.com/dmcourse/index.html" "Mozilla/4.0 (compatible; MSIE 6.0; Windows NT 5.1; SV1; MyIE2)"
ip1252.com - - [16/Nov/2005:00:08:52 -0500] "GET /news/2004/n24/24i.html HTTP/1.0" 200 3591 "-" "psbot/0.1 (+http://www.picsearch.com/bot.html)"